# JRE version: OpenJDK Runtime Environment Homebrew (21.0.1) (build 21.0.1)
# Java VM: OpenJDK 64-Bit Server VM Homebrew (21.0.1, mixed mode, sharing, tiered, compressed oops, compressed class ptrs, g1 gc, bsd-aarch64)
GC Precious Log:
 CardTable entry size: 512
 Card Set container configuration: InlinePtr #cards 5 size 8 Array Of Cards #cards 12 size 40 Howl #buckets 4 coarsen threshold 1843 Howl Bitmap #cards 512 size 80 coarsen threshold 460 Card regions per heap region 1 cards per card region 2048
 CPUs: 8 total, 8 available
 Memory: 16384M
 Large Page Support: Disabled
 NUMA Support: Disabled
 Compressed Oops: Enabled (Zero based)
 Heap Region Size: 1M
 Heap Min Capacity: 8M
 Heap Initial Capacity: 256M
 Heap Max Capacity: 512M
 Pre-touch: Disabled
 Parallel Workers: 1
 Concurrent Workers: 1
 Concurrent Refinement Workers: 1
 Periodic GC: Disabled
Heap:
 garbage-first heap   total 286720K, used 154306K [0x00000007e0000000, 0x0000000800000000)
  region size 1024K, 105 young (107520K), 1 survivors (1024K)
 Metaspace       used 7639K, committed 7872K, reserved 1114112K
  class space    used 772K, committed 896K, reserved 1048576K
GC Heap History (20 events):
Event: 2.814 GC heap before
{Heap before GC invocations=16 (full 0):
 garbage-first heap   total 286720K, used 199692K [0x00000007e0000000, 0x0000000800000000)
  region size 1024K, 168 young (172032K), 8 survivors (8192K)
 Metaspace       used 2462K, committed 2560K, reserved 1114112K
  class space    used 252K, committed 320K, reserved 1048576K
}
Event: 2.822 GC heap after
{Heap after GC invocations=17 (full 0):
 garbage-first heap   total 286720K, used 35852K [0x00000007e0000000, 0x0000000800000000)
  region size 1024K, 8 young (8192K), 8 survivors (8192K)
 Metaspace       used 2462K, committed 2560K, reserved 1114112K
  class space    used 252K, committed 320K, reserved 1048576K
}
Event: 3.109 GC heap before
{Heap before GC invocations=17 (full 0):
 garbage-first heap   total 286720K, used 199692K [0x00000007e0000000, 0x0000000800000000)
  region size 1024K, 168 young (172032K), 8 survivors (8192K)
 Metaspace       used 2462K, committed 2560K, reserved 1114112K
  class space    used 252K, committed 320K, reserved 1048576K
}
Event: 3.118 GC heap after
{Heap after GC invocations=18 (full 0):
 garbage-first heap   total 286720K, used 35852K [0x00000007e0000000, 0x0000000800000000)
  region size 1024K, 8 young (8192K), 8 survivors (8192K)
 Metaspace       used 2462K, committed 2560K, reserved 1114112K
  class space    used 252K, committed 320K, reserved 1048576K
}
Event: 3.408 GC heap before
{Heap before GC invocations=18 (full 0):
 garbage-first heap   total 286720K, used 199692K [0x00000007e0000000, 0x0000000800000000)
  region size 1024K, 168 young (172032K), 8 survivors (8192K)
 Metaspace       used 2462K, committed 2560K, reserved 1114112K
  class space    used 252K, committed 320K, reserved 1048576K
}
Event: 3.417 GC heap after
{Heap after GC invocations=19 (full 0):
 garbage-first heap   total 286720K, used 35852K [0x00000007e0000000, 0x0000000800000000)
  region size 1024K, 8 young (8192K), 8 survivors (8192K)
 Metaspace       used 2462K, committed 2560K, reserved 1114112K
  class space    used 252K, committed 320K, reserved 1048576K
}
Event: 3.706 GC heap before
{Heap before GC invocations=19 (full 0):
 garbage-first heap   total 286720K, used 199692K [0x00000007e0000000, 0x0000000800000000)
  region size 1024K, 168 young (172032K), 8 survivors (8192K)
 Metaspace       used 2462K, committed 2560K, reserved 1114112K
  class space    used 252K, committed 320K, reserved 1048576K
}
Event: 3.714 GC heap after
{Heap after GC invocations=20 (full 0):
 garbage-first heap   total 286720K, used 35852K [0x00000007e0000000, 0x0000000800000000)
  region size 1024K, 8 young (8192K), 8 survivors (8192K)
 Metaspace       used 2462K, committed 2560K, reserved 1114112K
  class space    used 252K, committed 320K, reserved 1048576K
}
Event: 3.999 GC heap before
{Heap before GC invocations=20 (full 0):
 garbage-first heap   total 286720K, used 199692K [0x00000007e0000000, 0x0000000800000000)
  region size 1024K, 168 young (172032K), 8 survivors (8192K)
 Metaspace       used 2462K, committed 2560K, reserved 1114112K
  class space    used 252K, committed 320K, reserved 1048576K
}
Event: 4.007 GC heap after
{Heap after GC invocations=21 (full 0):
 garbage-first heap   total 286720K, used 35852K [0x00000007e0000000, 0x0000000800000000)
  region size 1024K, 8 young (8192K), 8 survivors (8192K)
 Metaspace       used 2462K, committed 2560K, reserved 1114112K
  class space    used 252K, committed 320K, reserved 1048576K
}
Event: 4.290 GC heap before
{Heap before GC invocations=21 (full 0):
 garbage-first heap   total 286720K, used 199692K [0x00000007e0000000, 0x0000000800000000)
  region size 1024K, 168 young (172032K), 8 survivors (8192K)
 Metaspace       used 2462K, committed 2560K, reserved 1114112K
  class space    used 252K, committed 320K, reserved 1048576K
}
Event: 4.298 GC heap after
{Heap after GC invocations=22 (full 0):
 garbage-first heap   total 286720K, used 35852K [0x00000007e0000000, 0x0000000800000000)
  region size 1024K, 8 young (8192K), 8 survivors (8192K)
 Metaspace       used 2462K, committed 2560K, reserved 1114112K
  class space    used 252K, committed 320K, reserved 1048576K
}
Event: 4.593 GC heap before
{Heap before GC invocations=22 (full 0):
 garbage-first heap   total 286720K, used 199692K [0x00000007e0000000, 0x0000000800000000)
  region size 1024K, 168 young (172032K), 8 survivors (8192K)
 Metaspace       used 2462K, committed 2560K, reserved 1114112K
  class space    used 252K, committed 320K, reserved 1048576K
}
Event: 4.601 GC heap after
{Heap after GC invocations=23 (full 0):
 garbage-first heap   total 286720K, used 35852K [0x00000007e0000000, 0x0000000800000000)
  region size 1024K, 8 young (8192K), 8 survivors (8192K)
 Metaspace       used 2462K, committed 2560K, reserved 1114112K
  class space    used 252K, committed 320K, reserved 1048576K
}
Event: 4.884 GC heap before
{Heap before GC invocations=23 (full 0):
 garbage-first heap   total 286720K, used 199692K [0x00000007e0000000, 0x0000000800000000)
  region size 1024K, 168 young (172032K), 8 survivors (8192K)
 Metaspace       used 2462K, committed 2560K, reserved 1114112K
  class space    used 252K, committed 320K, reserved 1048576K
}
Event: 4.893 GC heap after
{Heap after GC invocations=24 (full 0):
 garbage-first heap   total 286720K, used 36114K [0x00000007e0000000, 0x0000000800000000)
  region size 1024K, 5 young (5120K), 5 survivors (5120K)
 Metaspace       used 2462K, committed 2560K, reserved 1114112K
  class space    used 252K, committed 320K, reserved 1048576K
}
Event: 5.179 GC heap before
{Heap before GC invocations=24 (full 0):
 garbage-first heap   total 286720K, used 203026K [0x00000007e0000000, 0x0000000800000000)
  region size 1024K, 168 young (172032K), 5 survivors (5120K)
 Metaspace       used 2462K, committed 2560K, reserved 1114112K
  class space    used 252K, committed 320K, reserved 1048576K
}
Event: 5.186 GC heap after
{Heap after GC invocations=25 (full 0):
 garbage-first heap   total 286720K, used 36364K [0x00000007e0000000, 0x0000000800000000)
  region size 1024K, 1 young (1024K), 1 survivors (1024K)
 Metaspace       used 2462K, committed 2560K, reserved 1114112K
  class space    used 252K, committed 320K, reserved 1048576K
}
Event: 5.485 GC heap before
{Heap before GC invocations=25 (full 0):
 garbage-first heap   total 286720K, used 207372K [0x00000007e0000000, 0x0000000800000000)
  region size 1024K, 168 young (172032K), 1 survivors (1024K)
 Metaspace       used 2462K, committed 2560K, reserved 1114112K
  class space    used 252K, committed 320K, reserved 1048576K
}
Event: 5.486 GC heap after
{Heap after GC invocations=26 (full 0):
 garbage-first heap   total 286720K, used 36546K [0x00000007e0000000, 0x0000000800000000)
  region size 1024K, 1 young (1024K), 1 survivors (1024K)
 Metaspace       used 2462K, committed 2560K, reserved 1114112K
  class space    used 252K, committed 320K, reserved 1048576K
}

